# JRE version: Java(TM) SE Runtime Environment (8.0_251-b08) (build 1.8.0_251-b08)
# Java VM: Java HotSpot(TM) 64-Bit Server VM (25.251-b08 mixed mode windows-amd64 compressed oops)
Heap:
 PSYoungGen      total 43008K, used 26644K [0x000000076b400000, 0x000000076ed80000, 0x00000007c0000000)
  eden space 42496K, 62% used [0x000000076b400000,0x000000076cded300,0x000000076dd80000)
  from space 512K, 18% used [0x000000076de00000,0x000000076de18000,0x000000076de80000)
  to   space 8192K, 0% used [0x000000076e580000,0x000000076e580000,0x000000076ed80000)
 ParOldGen       total 97792K, used 18392K [0x00000006c1c00000, 0x00000006c7b80000, 0x000000076b400000)
  object space 97792K, 18% used [0x00000006c1c00000,0x00000006c2df6040,0x00000006c7b80000)
 Metaspace       used 25038K, capacity 25440K, committed 25856K, reserved 1071104K
  class space    used 3108K, capacity 3216K, committed 3328K, reserved 1048576K
GC Heap History (10 events):
Event: 300.323 GC heap before
{Heap before GC invocations=28 (full 1):
 PSYoungGen      total 54272K, used 46964K [0x000000076b400000, 0x000000076f400000, 0x00000007c0000000)
  eden space 45056K, 99% used [0x000000076b400000,0x000000076dffb0a8,0x000000076e000000)
  from space 9216K, 20% used [0x000000076eb00000,0x000000076ece2058,0x000000076f400000)
  to   space 10240K, 0% used [0x000000076e000000,0x000000076e000000,0x000000076ea00000)
 ParOldGen       total 97792K, used 18328K [0x00000006c1c00000, 0x00000006c7b80000, 0x000000076b400000)
  object space 97792K, 18% used [0x00000006c1c00000,0x00000006c2de6040,0x00000006c7b80000)
 Metaspace       used 25028K, capacity 25376K, committed 25856K, reserved 1071104K
  class space    used 3108K, capacity 3216K, committed 3328K, reserved 1048576K
Event: 300.325 GC heap after
Heap after GC invocations=28 (full 1):
 PSYoungGen      total 47616K, used 2828K [0x000000076b400000, 0x000000076f280000, 0x00000007c0000000)
  eden space 44544K, 0% used [0x000000076b400000,0x000000076b400000,0x000000076df80000)
  from space 3072K, 92% used [0x000000076e000000,0x000000076e2c30a0,0x000000076e300000)
  to   space 9728K, 0% used [0x000000076e900000,0x000000076e900000,0x000000076f280000)
 ParOldGen       total 97792K, used 18336K [0x00000006c1c00000, 0x00000006c7b80000, 0x000000076b400000)
  object space 97792K, 18% used [0x00000006c1c00000,0x00000006c2de8040,0x00000006c7b80000)
 Metaspace       used 25028K, capacity 25376K, committed 25856K, reserved 1071104K
  class space    used 3108K, capacity 3216K, committed 3328K, reserved 1048576K
}
Event: 301.121 GC heap before
{Heap before GC invocations=29 (full 1):
 PSYoungGen      total 47616K, used 46911K [0x000000076b400000, 0x000000076f280000, 0x00000007c0000000)
  eden space 44544K, 98% used [0x000000076b400000,0x000000076df0ccb0,0x000000076df80000)
  from space 3072K, 92% used [0x000000076e000000,0x000000076e2c30a0,0x000000076e300000)
  to   space 9728K, 0% used [0x000000076e900000,0x000000076e900000,0x000000076f280000)
 ParOldGen       total 97792K, used 18336K [0x00000006c1c00000, 0x00000006c7b80000, 0x000000076b400000)
  object space 97792K, 18% used [0x00000006c1c00000,0x00000006c2de8040,0x00000006c7b80000)
 Metaspace       used 25029K, capacity 25376K, committed 25856K, reserved 1071104K
  class space    used 3108K, capacity 3216K, committed 3328K, reserved 1048576K
Event: 301.123 GC heap after
Heap after GC invocations=29 (full 1):
 PSYoungGen      total 52224K, used 2828K [0x000000076b400000, 0x000000076f100000, 0x00000007c0000000)
  eden space 44032K, 0% used [0x000000076b400000,0x000000076b400000,0x000000076df00000)
  from space 8192K, 34% used [0x000000076e900000,0x000000076ebc30a0,0x000000076f100000)
  to   space 9216K, 0% used [0x000000076df00000,0x000000076df00000,0x000000076e800000)
 ParOldGen       total 97792K, used 18352K [0x00000006c1c00000, 0x00000006c7b80000, 0x000000076b400000)
  object space 97792K, 18% used [0x00000006c1c00000,0x00000006c2dec040,0x00000006c7b80000)
 Metaspace       used 25029K, capacity 25376K, committed 25856K, reserved 1071104K
  class space    used 3108K, capacity 3216K, committed 3328K, reserved 1048576K
}
Event: 301.919 GC heap before
{Heap before GC invocations=30 (full 1):
 PSYoungGen      total 52224K, used 46001K [0x000000076b400000, 0x000000076f100000, 0x00000007c0000000)
  eden space 44032K, 98% used [0x000000076b400000,0x000000076de293d0,0x000000076df00000)
  from space 8192K, 34% used [0x000000076e900000,0x000000076ebc30a0,0x000000076f100000)
  to   space 9216K, 0% used [0x000000076df00000,0x000000076df00000,0x000000076e800000)
 ParOldGen       total 97792K, used 18352K [0x00000006c1c00000, 0x00000006c7b80000, 0x000000076b400000)
  object space 97792K, 18% used [0x00000006c1c00000,0x00000006c2dec040,0x00000006c7b80000)
 Metaspace       used 25034K, capacity 25440K, committed 25856K, reserved 1071104K
  class space    used 3108K, capacity 3216K, committed 3328K, reserved 1048576K
Event: 301.921 GC heap after
Heap after GC invocations=30 (full 1):
 PSYoungGen      total 45568K, used 1928K [0x000000076b400000, 0x000000076ee80000, 0x00000007c0000000)
  eden space 43520K, 0% used [0x000000076b400000,0x000000076b400000,0x000000076de80000)
  from space 2048K, 94% used [0x000000076df00000,0x000000076e0e2058,0x000000076e100000)
  to   space 8192K, 0% used [0x000000076e680000,0x000000076e680000,0x000000076ee80000)
 ParOldGen       total 97792K, used 18360K [0x00000006c1c00000, 0x00000006c7b80000, 0x000000076b400000)
  object space 97792K, 18% used [0x00000006c1c00000,0x00000006c2dee040,0x00000006c7b80000)
 Metaspace       used 25034K, capacity 25440K, committed 25856K, reserved 1071104K
  class space    used 3108K, capacity 3216K, committed 3328K, reserved 1048576K
}
Event: 302.396 GC heap before
{Heap before GC invocations=31 (full 1):
 PSYoungGen      total 45568K, used 45448K [0x000000076b400000, 0x000000076ee80000, 0x00000007c0000000)
  eden space 43520K, 100% used [0x000000076b400000,0x000000076de80000,0x000000076de80000)
  from space 2048K, 94% used [0x000000076df00000,0x000000076e0e2058,0x000000076e100000)
  to   space 8192K, 0% used [0x000000076e680000,0x000000076e680000,0x000000076ee80000)
 ParOldGen       total 97792K, used 18360K [0x00000006c1c00000, 0x00000006c7b80000, 0x000000076b400000)
  object space 97792K, 18% used [0x00000006c1c00000,0x00000006c2dee040,0x00000006c7b80000)
 Metaspace       used 25038K, capacity 25440K, committed 25856K, reserved 1071104K
  class space    used 3108K, capacity 3216K, committed 3328K, reserved 1048576K
Event: 302.397 GC heap after
Heap after GC invocations=31 (full 1):
 PSYoungGen      total 50688K, used 160K [0x000000076b400000, 0x000000076ee00000, 0x00000007c0000000)
  eden space 43008K, 0% used [0x000000076b400000,0x000000076b400000,0x000000076de00000)
  from space 7680K, 2% used [0x000000076e680000,0x000000076e6a8000,0x000000076ee00000)
  to   space 8192K, 0% used [0x000000076de00000,0x000000076de00000,0x000000076e600000)
 ParOldGen       total 97792K, used 18368K [0x00000006c1c00000, 0x00000006c7b80000, 0x000000076b400000)
  object space 97792K, 18% used [0x00000006c1c00000,0x00000006c2df0040,0x00000006c7b80000)
 Metaspace       used 25038K, capacity 25440K, committed 25856K, reserved 1071104K
  class space    used 3108K, capacity 3216K, committed 3328K, reserved 1048576K
}
Event: 302.790 GC heap before
{Heap before GC invocations=32 (full 1):
 PSYoungGen      total 50688K, used 43168K [0x000000076b400000, 0x000000076ee00000, 0x00000007c0000000)
  eden space 43008K, 100% used [0x000000076b400000,0x000000076de00000,0x000000076de00000)
  from space 7680K, 2% used [0x000000076e680000,0x000000076e6a8000,0x000000076ee00000)
  to   space 8192K, 0% used [0x000000076de00000,0x000000076de00000,0x000000076e600000)
 ParOldGen       total 97792K, used 18368K [0x00000006c1c00000, 0x00000006c7b80000, 0x000000076b400000)
  object space 97792K, 18% used [0x00000006c1c00000,0x00000006c2df0040,0x00000006c7b80000)
 Metaspace       used 25038K, capacity 25440K, committed 25856K, reserved 1071104K
  class space    used 3108K, capacity 3216K, committed 3328K, reserved 1048576K
Event: 302.791 GC heap after
Heap after GC invocations=32 (full 1):
 PSYoungGen      total 43008K, used 96K [0x000000076b400000, 0x000000076ed80000, 0x00000007c0000000)
  eden space 42496K, 0% used [0x000000076b400000,0x000000076b400000,0x000000076dd80000)
  from space 512K, 18% used [0x000000076de00000,0x000000076de18000,0x000000076de80000)
  to   space 8192K, 0% used [0x000000076e580000,0x000000076e580000,0x000000076ed80000)
 ParOldGen       total 97792K, used 18392K [0x00000006c1c00000, 0x00000006c7b80000, 0x000000076b400000)
  object space 97792K, 18% used [0x00000006c1c00000,0x00000006c2df6040,0x00000006c7b80000)
 Metaspace       used 25038K, capacity 25440K, committed 25856K, reserved 1071104K
  class space    used 3108K, capacity 3216K, committed 3328K, reserved 1048576K
}

